Terminals unused in grammar

   INTEGER
   IDENTIFIER
   OPENPAREN
   CLOSEPAREN


Grammar

    0 $accept: prog $end

    1 prog: '+'


Terminals, with rules where they appear

$end (0) 0
'+' (43) 1
error (256)
INTEGER (258)
IDENTIFIER (259)
OPENPAREN (260)
CLOSEPAREN (261)


Nonterminals, with rules where they appear

$accept (8)
    on left: 0
prog (9)
    on left: 1, on right: 0


State 0

    0 $accept: . prog $end

    '+'  shift, and go to state 1

    prog  go to state 2


State 1

    1 prog: '+' .

    $default  reduce using rule 1 (prog)


State 2

    0 $accept: prog . $end

    $end  shift, and go to state 3


State 3

    0 $accept: prog $end .

    $default  accept
